  AnimatedTexture.cpp
C:\Users\tiago\OneDrive\Documents\GitHub\Balance-City-SDL\AprendendoSDLUau\AprendendoSDLUau\AnimatedTexture.h(2,10): warning C4067: unexpected tokens following preprocessor directive - expected a newline
  (compiling source file 'AnimatedTexture.cpp')
  
C:\Users\tiago\OneDrive\Documents\GitHub\Balance-City-SDL\AprendendoSDLUau\AprendendoSDLUau\AnimatedTexture.h(3,10): warning C4067: unexpected tokens following preprocessor directive - expected a newline
  (compiling source file 'AnimatedTexture.cpp')
  
C:\Users\tiago\OneDrive\Documents\GitHub\Balance-City-SDL\AprendendoSDLUau\AprendendoSDLUau\Graphics.h(5,10): warning C4067: unexpected tokens following preprocessor directive - expected a newline
  (compiling source file 'AnimatedTexture.cpp')
  
C:\Users\tiago\OneDrive\Documents\GitHub\Balance-City-SDL\AprendendoSDLUau\AprendendoSDLUau\Graphics.h(8,10): warning C4067: unexpected tokens following preprocessor directive - expected a newline
  (compiling source file 'AnimatedTexture.cpp')
  
  AssetManager.cpp
C:\Users\tiago\OneDrive\Documents\GitHub\Balance-City-SDL\AprendendoSDLUau\AprendendoSDLUau\Graphics.h(5,10): warning C4067: unexpected tokens following preprocessor directive - expected a newline
  (compiling source file 'AssetManager.cpp')
  
C:\Users\tiago\OneDrive\Documents\GitHub\Balance-City-SDL\AprendendoSDLUau\AprendendoSDLUau\Graphics.h(8,10): warning C4067: unexpected tokens following preprocessor directive - expected a newline
  (compiling source file 'AssetManager.cpp')
  
  AudioManager.cpp
C:\Users\tiago\OneDrive\Documents\GitHub\Balance-City-SDL\AprendendoSDLUau\AprendendoSDLUau\Graphics.h(5,10): warning C4067: unexpected tokens following preprocessor directive - expected a newline
  (compiling source file 'AudioManager.cpp')
  
C:\Users\tiago\OneDrive\Documents\GitHub\Balance-City-SDL\AprendendoSDLUau\AprendendoSDLUau\Graphics.h(8,10): warning C4067: unexpected tokens following preprocessor directive - expected a newline
  (compiling source file 'AudioManager.cpp')
  
  GameEntity.cpp
C:\Users\tiago\OneDrive\Documents\GitHub\Balance-City-SDL\AprendendoSDLUau\AprendendoSDLUau\GameEntity.cpp(1,10): warning C4067: unexpected tokens following preprocessor directive - expected a newline
  GameManager.cpp
C:\Users\tiago\OneDrive\Documents\GitHub\Balance-City-SDL\AprendendoSDLUau\AprendendoSDLUau\GameManager.cpp(1,10): warning C4067: unexpected tokens following preprocessor directive - expected a newline
C:\Users\tiago\OneDrive\Documents\GitHub\Balance-City-SDL\AprendendoSDLUau\AprendendoSDLUau\AnimatedTexture.h(2,10): warning C4067: unexpected tokens following preprocessor directive - expected a newline
  (compiling source file 'GameManager.cpp')
  
C:\Users\tiago\OneDrive\Documents\GitHub\Balance-City-SDL\AprendendoSDLUau\AprendendoSDLUau\AnimatedTexture.h(3,10): warning C4067: unexpected tokens following preprocessor directive - expected a newline
  (compiling source file 'GameManager.cpp')
  
C:\Users\tiago\OneDrive\Documents\GitHub\Balance-City-SDL\AprendendoSDLUau\AprendendoSDLUau\Graphics.h(5,10): warning C4067: unexpected tokens following preprocessor directive - expected a newline
  (compiling source file 'GameManager.cpp')
  
C:\Users\tiago\OneDrive\Documents\GitHub\Balance-City-SDL\AprendendoSDLUau\AprendendoSDLUau\Graphics.h(8,10): warning C4067: unexpected tokens following preprocessor directive - expected a newline
  (compiling source file 'GameManager.cpp')
  
C:\Users\tiago\OneDrive\Documents\GitHub\Balance-City-SDL\AprendendoSDLUau\AprendendoSDLUau\GameManager.cpp(27,6): warning C4551: function call missing argument list
C:\Users\tiago\OneDrive\Documents\GitHub\Balance-City-SDL\AprendendoSDLUau\AprendendoSDLUau\GameManager.cpp(78,12): warning C4244: 'argument': conversion from 'time_t' to 'unsigned int', possible loss of data
C:\Users\tiago\OneDrive\Documents\GitHub\Balance-City-SDL\AprendendoSDLUau\AprendendoSDLUau\GameManager.cpp(83,53): warning C4244: 'argument': conversion from 'int' to 'float', possible loss of data
C:\Users\tiago\OneDrive\Documents\GitHub\Balance-City-SDL\AprendendoSDLUau\AprendendoSDLUau\GameManager.cpp(92,53): warning C4244: 'argument': conversion from 'int' to 'float', possible loss of data
C:\Users\tiago\OneDrive\Documents\GitHub\Balance-City-SDL\AprendendoSDLUau\AprendendoSDLUau\GameManager.cpp(106,25): warning C4244: 'argument': conversion from 'int' to 'float', possible loss of data
C:\Users\tiago\OneDrive\Documents\GitHub\Balance-City-SDL\AprendendoSDLUau\AprendendoSDLUau\GameManager.cpp(106,21): warning C4244: 'argument': conversion from 'int' to 'float', possible loss of data
C:\Users\tiago\OneDrive\Documents\GitHub\Balance-City-SDL\AprendendoSDLUau\AprendendoSDLUau\GameManager.cpp(219,183): warning C4244: 'argument': conversion from 'float' to 'int', possible loss of data
C:\Users\tiago\OneDrive\Documents\GitHub\Balance-City-SDL\AprendendoSDLUau\AprendendoSDLUau\GameManager.cpp(219,140): warning C4244: 'argument': conversion from 'float' to 'int', possible loss of data
C:\Users\tiago\OneDrive\Documents\GitHub\Balance-City-SDL\AprendendoSDLUau\AprendendoSDLUau\GameManager.cpp(219,94): warning C4244: 'argument': conversion from 'float' to 'int', possible loss of data
C:\Users\tiago\OneDrive\Documents\GitHub\Balance-City-SDL\AprendendoSDLUau\AprendendoSDLUau\GameManager.cpp(219,51): warning C4244: 'argument': conversion from 'float' to 'int', possible loss of data
C:\Users\tiago\OneDrive\Documents\GitHub\Balance-City-SDL\AprendendoSDLUau\AprendendoSDLUau\GameManager.cpp(230,183): warning C4244: 'argument': conversion from 'float' to 'int', possible loss of data
C:\Users\tiago\OneDrive\Documents\GitHub\Balance-City-SDL\AprendendoSDLUau\AprendendoSDLUau\GameManager.cpp(230,140): warning C4244: 'argument': conversion from 'float' to 'int', possible loss of data
C:\Users\tiago\OneDrive\Documents\GitHub\Balance-City-SDL\AprendendoSDLUau\AprendendoSDLUau\GameManager.cpp(230,94): warning C4244: 'argument': conversion from 'float' to 'int', possible loss of data
C:\Users\tiago\OneDrive\Documents\GitHub\Balance-City-SDL\AprendendoSDLUau\AprendendoSDLUau\GameManager.cpp(230,51): warning C4244: 'argument': conversion from 'float' to 'int', possible loss of data
C:\Users\tiago\OneDrive\Documents\GitHub\Balance-City-SDL\AprendendoSDLUau\AprendendoSDLUau\GameManager.cpp(245,184): warning C4244: 'argument': conversion from 'float' to 'int', possible loss of data
C:\Users\tiago\OneDrive\Documents\GitHub\Balance-City-SDL\AprendendoSDLUau\AprendendoSDLUau\GameManager.cpp(245,141): warning C4244: 'argument': conversion from 'float' to 'int', possible loss of data
C:\Users\tiago\OneDrive\Documents\GitHub\Balance-City-SDL\AprendendoSDLUau\AprendendoSDLUau\GameManager.cpp(245,95): warning C4244: 'argument': conversion from 'float' to 'int', possible loss of data
C:\Users\tiago\OneDrive\Documents\GitHub\Balance-City-SDL\AprendendoSDLUau\AprendendoSDLUau\GameManager.cpp(245,52): warning C4244: 'argument': conversion from 'float' to 'int', possible loss of data
C:\Users\tiago\OneDrive\Documents\GitHub\Balance-City-SDL\AprendendoSDLUau\AprendendoSDLUau\GameManager.cpp(251,184): warning C4244: 'argument': conversion from 'float' to 'int', possible loss of data
C:\Users\tiago\OneDrive\Documents\GitHub\Balance-City-SDL\AprendendoSDLUau\AprendendoSDLUau\GameManager.cpp(251,141): warning C4244: 'argument': conversion from 'float' to 'int', possible loss of data
C:\Users\tiago\OneDrive\Documents\GitHub\Balance-City-SDL\AprendendoSDLUau\AprendendoSDLUau\GameManager.cpp(251,95): warning C4244: 'argument': conversion from 'float' to 'int', possible loss of data
C:\Users\tiago\OneDrive\Documents\GitHub\Balance-City-SDL\AprendendoSDLUau\AprendendoSDLUau\GameManager.cpp(251,52): warning C4244: 'argument': conversion from 'float' to 'int', possible loss of data
C:\Users\tiago\OneDrive\Documents\GitHub\Balance-City-SDL\AprendendoSDLUau\AprendendoSDLUau\GameManager.cpp(328,63): warning C4244: '+=': conversion from 'double' to 'float', possible loss of data
C:\Users\tiago\OneDrive\Documents\GitHub\Balance-City-SDL\AprendendoSDLUau\AprendendoSDLUau\GameManager.cpp(331,19): warning C4244: 'argument': conversion from 'float' to 'Uint8', possible loss of data
C:\Users\tiago\OneDrive\Documents\GitHub\Balance-City-SDL\AprendendoSDLUau\AprendendoSDLUau\GameManager.cpp(332,25): warning C4244: 'argument': conversion from 'float' to 'Uint8', possible loss of data
C:\Users\tiago\OneDrive\Documents\GitHub\Balance-City-SDL\AprendendoSDLUau\AprendendoSDLUau\GameManager.cpp(390,58): warning C4244: 'argument': conversion from 'int' to 'float', possible loss of data
C:\Users\tiago\OneDrive\Documents\GitHub\Balance-City-SDL\AprendendoSDLUau\AprendendoSDLUau\GameManager.cpp(394,53): warning C4244: 'argument': conversion from 'int' to 'float', possible loss of data
C:\Users\tiago\OneDrive\Documents\GitHub\Balance-City-SDL\AprendendoSDLUau\AprendendoSDLUau\GameManager.cpp(396,18): warning C4244: 'initializing': conversion from 'int' to 'float', possible loss of data
  Graphics.cpp
C:\Users\tiago\OneDrive\Documents\GitHub\Balance-City-SDL\AprendendoSDLUau\AprendendoSDLUau\Graphics.cpp(1,10): warning C4067: unexpected tokens following preprocessor directive - expected a newline
C:\Users\tiago\OneDrive\Documents\GitHub\Balance-City-SDL\AprendendoSDLUau\AprendendoSDLUau\Graphics.h(5,10): warning C4067: unexpected tokens following preprocessor directive - expected a newline
  (compiling source file 'Graphics.cpp')
  
C:\Users\tiago\OneDrive\Documents\GitHub\Balance-City-SDL\AprendendoSDLUau\AprendendoSDLUau\Graphics.h(8,10): warning C4067: unexpected tokens following preprocessor directive - expected a newline
  (compiling source file 'Graphics.cpp')
  
  InputManager.cpp
  main.cpp
C:\Users\tiago\OneDrive\Documents\GitHub\Balance-City-SDL\AprendendoSDLUau\AprendendoSDLUau\AnimatedTexture.h(2,10): warning C4067: unexpected tokens following preprocessor directive - expected a newline
  (compiling source file 'main.cpp')
  
C:\Users\tiago\OneDrive\Documents\GitHub\Balance-City-SDL\AprendendoSDLUau\AprendendoSDLUau\AnimatedTexture.h(3,10): warning C4067: unexpected tokens following preprocessor directive - expected a newline
  (compiling source file 'main.cpp')
  
C:\Users\tiago\OneDrive\Documents\GitHub\Balance-City-SDL\AprendendoSDLUau\AprendendoSDLUau\Graphics.h(5,10): warning C4067: unexpected tokens following preprocessor directive - expected a newline
  (compiling source file 'main.cpp')
  
C:\Users\tiago\OneDrive\Documents\GitHub\Balance-City-SDL\AprendendoSDLUau\AprendendoSDLUau\Graphics.h(8,10): warning C4067: unexpected tokens following preprocessor directive - expected a newline
  (compiling source file 'main.cpp')
  
  Texture.cpp
C:\Users\tiago\OneDrive\Documents\GitHub\Balance-City-SDL\AprendendoSDLUau\AprendendoSDLUau\Graphics.h(5,10): warning C4067: unexpected tokens following preprocessor directive - expected a newline
  (compiling source file 'Texture.cpp')
  
C:\Users\tiago\OneDrive\Documents\GitHub\Balance-City-SDL\AprendendoSDLUau\AprendendoSDLUau\Graphics.h(8,10): warning C4067: unexpected tokens following preprocessor directive - expected a newline
  (compiling source file 'Texture.cpp')
  
C:\Users\tiago\OneDrive\Documents\GitHub\Balance-City-SDL\AprendendoSDLUau\AprendendoSDLUau\Texture.cpp(39,9): warning C4244: 'return': conversion from 'int' to 'float', possible loss of data
C:\Users\tiago\OneDrive\Documents\GitHub\Balance-City-SDL\AprendendoSDLUau\AprendendoSDLUau\Texture.cpp(44,9): warning C4244: 'return': conversion from 'int' to 'float', possible loss of data
C:\Users\tiago\OneDrive\Documents\GitHub\Balance-City-SDL\AprendendoSDLUau\AprendendoSDLUau\Texture.cpp(88,24): warning C4244: 'argument': conversion from 'double' to 'float', possible loss of data
C:\Users\tiago\OneDrive\Documents\GitHub\Balance-City-SDL\AprendendoSDLUau\AprendendoSDLUau\Texture.cpp(112,13): warning C4244: 'initializing': conversion from 'int' to 'float', possible loss of data
C:\Users\tiago\OneDrive\Documents\GitHub\Balance-City-SDL\AprendendoSDLUau\AprendendoSDLUau\Texture.cpp(149,16): warning C4244: 'argument': conversion from 'int' to 'float', possible loss of data
C:\Users\tiago\OneDrive\Documents\GitHub\Balance-City-SDL\AprendendoSDLUau\AprendendoSDLUau\Texture.cpp(207,27): warning C4244: 'return': conversion from 'int' to 'float', possible loss of data
C:\Users\tiago\OneDrive\Documents\GitHub\Balance-City-SDL\AprendendoSDLUau\AprendendoSDLUau\Texture.cpp(245,17): warning C4244: '+=': conversion from 'float' to 'int', possible loss of data
C:\Users\tiago\OneDrive\Documents\GitHub\Balance-City-SDL\AprendendoSDLUau\AprendendoSDLUau\Texture.cpp(246,13): warning C4244: '+=': conversion from 'float' to 'int', possible loss of data
C:\Users\tiago\OneDrive\Documents\GitHub\Balance-City-SDL\AprendendoSDLUau\AprendendoSDLUau\Texture.cpp(248,16): warning C4244: '=': conversion from 'float' to 'int', possible loss of data
C:\Users\tiago\OneDrive\Documents\GitHub\Balance-City-SDL\AprendendoSDLUau\AprendendoSDLUau\Texture.cpp(249,12): warning C4244: '=': conversion from 'float' to 'int', possible loss of data
C:\Users\tiago\OneDrive\Documents\GitHub\Balance-City-SDL\AprendendoSDLUau\AprendendoSDLUau\Texture.cpp(254,17): warning C4244: '-=': conversion from 'float' to 'int', possible loss of data
C:\Users\tiago\OneDrive\Documents\GitHub\Balance-City-SDL\AprendendoSDLUau\AprendendoSDLUau\Texture.cpp(255,13): warning C4244: '-=': conversion from 'float' to 'int', possible loss of data
  Timer.cpp
C:\Users\tiago\OneDrive\Documents\GitHub\Balance-City-SDL\AprendendoSDLUau\AprendendoSDLUau\Timer.cpp(1,10): warning C4067: unexpected tokens following preprocessor directive - expected a newline
  Generating Code...
  AprendendoSDLUau.vcxproj -> C:\Users\tiago\OneDrive\Documents\GitHub\Balance-City-SDL\AprendendoSDLUau\Debug\AprendendoSDLUau.exe
